<?xml version="1.0" encoding="UTF-8"?>
<testsuite name="personTester" tests="1" skipped="0" failures="0" errors="0" timestamp="2017-02-23T21:14:00" hostname="home-office-linux" time="0.001">
  <properties/>
  <testcase name="testGetAge" classname="personTester" time="0.001"/>
  <system-out><![CDATA[]]></system-out>
  <system-err><![CDATA[]]></system-err>
</testsuite>
